<?xml version="1.0" encoding="UTF-8"?>
<testsuite name="com.fit4j.testcontainers.TestContainersDefinitionProviderFIT" tests="1" skipped="0" failures="0" errors="0" timestamp="2025-10-23T20:24:08" hostname="FWQXF07G9F" time="51.7">
  <properties/>
  <testcase name="it should load given sample testcontainers yaml file()" classname="com.fit4j.testcontainers.TestContainersDefinitionProviderFIT" time="51.7"/>
  <system-out><![CDATA[2025-10-23T23:24:08.096+03:00 DEBUG 18523 --- [    Test worker] .b.t.c.SpringBootTestContextBootstrapper : Neither @ContextConfiguration nor @ContextHierarchy found for test class [TestContainersDefinitionProviderFIT]: using SpringBootContextLoader
2025-10-23T23:24:08.097+03:00 DEBUG 18523 --- [    Test worker] .b.t.c.SpringBootTestContextBootstrapper : Using ContextCustomizerFactory implementations for test class [TestContainersDefinitionProviderFIT]: [Fit4JTestContextCustomizerFactory, TestContainersContextCustomizerFactory, MockWebServerContextCustomizerFactory, GrpcContextCustomizerFactory, EmbeddedKafkaContextCustomizerFactory, EmbeddedDynamoDBContextCustomizerFactory, EmbeddedRedisContextCustomizerFactory, EmbeddedKafkaContextCustomizerFactory, OnFailureConditionReportContextCustomizerFactory, OverrideAutoConfigurationContextCustomizerFactory, ObservabilityContextCustomizerFactory, TypeExcludeFiltersContextCustomizerFactory, PropertyMappingContextCustomizerFactory, WebDriverContextCustomizerFactory, ImportsContextCustomizerFactory, ExcludeFilterContextCustomizerFactory, HttpGraphQlTesterContextCustomizerFactory, DuplicateJsonObjectContextCustomizerFactory, MockitoContextCustomizerFactory, TestRestTemplateContextCustomizerFactory, WebTestClientContextCustomizerFactory, DisableReactorResourceFactoryGlobalResourcesContextCustomizerFactory, MockServerContainerContextCustomizerFactory, DynamicPropertiesContextCustomizerFactory]
2025-10-23T23:24:08.097+03:00 DEBUG 18523 --- [    Test worker] .b.t.c.SpringBootTestContextBootstrapper : Using ContextCustomizers for test class [TestContainersDefinitionProviderFIT]: [Fit4JTestContextCustomizer, MockWebServerContextCustomizer, GrpcContextCustomizer, OnFailureConditionReportContextCustomizer, DisableObservabilityContextCustomizer, PropertyMappingContextCustomizer, WebDriverContextCustomizer, ExcludeFilterContextCustomizer, DuplicateJsonObjectContextCustomizer, MockitoContextCustomizer, TestRestTemplateContextCustomizer, DisableReactorResourceFactoryGlobalResourcesContextCustomizerCustomizer]
2025-10-23T23:24:08.097+03:00  INFO 18523 --- [    Test worker] .b.t.c.SpringBootTestContextBootstrapper : Found @SpringBootConfiguration com.fit4j.TestApplication for test class com.fit4j.testcontainers.TestContainersDefinitionProviderFIT
2025-10-23T23:24:08.098+03:00 DEBUG 18523 --- [    Test worker] .b.t.c.SpringBootTestContextBootstrapper : Using TestExecutionListeners for test class [TestContainersDefinitionProviderFIT]: [ServletTestExecutionListener, DirtiesContextBeforeModesTestExecutionListener, ApplicationEventsTestExecutionListener, MockitoTestExecutionListener, DependencyInjectionTestExecutionListener, DirtiesContextTestExecutionListener, TransactionalTestExecutionListener, SqlScriptsTestExecutionListener, EventPublishingTestExecutionListener, RestDocsTestExecutionListener, MockRestServiceServerResetTestExecutionListener, MockMvcPrintOnlyOnFailureTestExecutionListener, WebDriverTestExecutionListener, MockWebServiceServerTestExecutionListener, ResetMocksTestExecutionListener]
2025-10-23T23:24:08.100+03:00 DEBUG 18523 --- [    Test worker] c.f.t.TestContainersDefinitionProvider   : Loading TestContainerDefinitions from classpath:fit4j-test-containers-sample.yml
2025-10-23T23:24:08.101+03:00 DEBUG 18523 --- [    Test worker] c.f.t.TestContainersDefinitionProvider   : Loaded TestContainerDefinition: MapBasedTestContainerDefinition(name='v1', reuse=false, imageName='mysql:8.0.37', exposedProperties=[jdbcUrl, username, password])
2025-10-23T23:24:08.101+03:00 DEBUG 18523 --- [    Test worker] c.f.t.TestContainersDefinitionProvider   : Loaded TestContainerDefinition: MapBasedTestContainerDefinition(name='omega', reuse=false, imageName='mysql:8.0.37', exposedProperties=[jdbcUrl, username, password])
2025-10-23T23:24:08.101+03:00 DEBUG 18523 --- [    Test worker] c.f.t.TestContainersDefinitionProvider   : Loaded TestContainerDefinition: MapBasedTestContainerDefinition(name='redis', reuse=false, imageName='redis:6.2.1', exposedProperties=[host, firstMappedPort])
2025-10-23T23:24:08.101+03:00 DEBUG 18523 --- [    Test worker] c.f.t.TestContainersDefinitionProvider   : Loaded TestContainerDefinition: MapBasedTestContainerDefinition(name='elastic-search', reuse=false, imageName='docker.elastic.co/elasticsearch/elasticsearch:8.10.2', exposedProperties=[])
2025-10-23T23:24:08.101+03:00 DEBUG 18523 --- [    Test worker] c.f.t.TestContainersDefinitionProvider   : Loaded TestContainerDefinition: MapBasedTestContainerDefinition(name='kafka-service-bus', reuse=true, imageName='confluentinc/cp-kafka:5.4.3', exposedProperties=[])
2025-10-23T23:24:08.101+03:00 DEBUG 18523 --- [    Test worker] c.f.t.TestContainersDefinitionProvider   : Loaded TestContainerDefinition: MapBasedTestContainerDefinition(name='dynamodb', reuse=false, imageName='amazon/dynamodb-local:1.13.6', exposedProperties=[])
]]></system-out>
  <system-err><![CDATA[]]></system-err>
</testsuite>
