<?xml version="1.0" encoding="UTF-8"?>
<testsuite name="com.fit4j.testcontainers.RedisDataProviderFIT" tests="1" skipped="0" failures="0" errors="0" timestamp="2025-10-23T20:23:47" hostname="FWQXF07G9F" time="0.004">
  <properties/>
  <testcase name="it should load redis data from yaml file()" classname="com.fit4j.testcontainers.RedisDataProviderFIT" time="0.004"/>
  <system-out><![CDATA[2025-10-23T23:23:47.720+03:00 DEBUG 18523 --- [    Test worker] .b.t.c.SpringBootTestContextBootstrapper : Neither @ContextConfiguration nor @ContextHierarchy found for test class [RedisDataProviderFIT]: using SpringBootContextLoader
2025-10-23T23:23:47.721+03:00 DEBUG 18523 --- [    Test worker] .b.t.c.SpringBootTestContextBootstrapper : Using ContextCustomizerFactory implementations for test class [RedisDataProviderFIT]: [Fit4JTestContextCustomizerFactory, TestContainersContextCustomizerFactory, MockWebServerContextCustomizerFactory, GrpcContextCustomizerFactory, EmbeddedKafkaContextCustomizerFactory, EmbeddedDynamoDBContextCustomizerFactory, EmbeddedRedisContextCustomizerFactory, EmbeddedKafkaContextCustomizerFactory, OnFailureConditionReportContextCustomizerFactory, OverrideAutoConfigurationContextCustomizerFactory, ObservabilityContextCustomizerFactory, TypeExcludeFiltersContextCustomizerFactory, PropertyMappingContextCustomizerFactory, WebDriverContextCustomizerFactory, ImportsContextCustomizerFactory, ExcludeFilterContextCustomizerFactory, HttpGraphQlTesterContextCustomizerFactory, DuplicateJsonObjectContextCustomizerFactory, MockitoContextCustomizerFactory, TestRestTemplateContextCustomizerFactory, WebTestClientContextCustomizerFactory, DisableReactorResourceFactoryGlobalResourcesContextCustomizerFactory, MockServerContainerContextCustomizerFactory, DynamicPropertiesContextCustomizerFactory]
2025-10-23T23:23:47.721+03:00 DEBUG 18523 --- [    Test worker] .b.t.c.SpringBootTestContextBootstrapper : Using ContextCustomizers for test class [RedisDataProviderFIT]: [Fit4JTestContextCustomizer, MockWebServerContextCustomizer, GrpcContextCustomizer, OnFailureConditionReportContextCustomizer, DisableObservabilityContextCustomizer, PropertyMappingContextCustomizer, WebDriverContextCustomizer, ExcludeFilterContextCustomizer, DuplicateJsonObjectContextCustomizer, MockitoContextCustomizer, TestRestTemplateContextCustomizer, DisableReactorResourceFactoryGlobalResourcesContextCustomizerCustomizer]
2025-10-23T23:23:47.721+03:00  INFO 18523 --- [    Test worker] .b.t.c.SpringBootTestContextBootstrapper : Found @SpringBootConfiguration com.fit4j.TestApplication for test class com.fit4j.testcontainers.RedisDataProviderFIT
2025-10-23T23:23:47.722+03:00 DEBUG 18523 --- [    Test worker] .b.t.c.SpringBootTestContextBootstrapper : Using TestExecutionListeners for test class [RedisDataProviderFIT]: [ServletTestExecutionListener, DirtiesContextBeforeModesTestExecutionListener, ApplicationEventsTestExecutionListener, MockitoTestExecutionListener, DependencyInjectionTestExecutionListener, DirtiesContextTestExecutionListener, TransactionalTestExecutionListener, SqlScriptsTestExecutionListener, EventPublishingTestExecutionListener, RestDocsTestExecutionListener, MockRestServiceServerResetTestExecutionListener, MockMvcPrintOnlyOnFailureTestExecutionListener, WebDriverTestExecutionListener, MockWebServiceServerTestExecutionListener, ResetMocksTestExecutionListener]
2025-10-23T23:23:47.723+03:00 DEBUG 18523 --- [    Test worker] c.f.testcontainers.RedisDataProvider     : Loading Redis data from redis_initial_data.yml
]]></system-out>
  <system-err><![CDATA[]]></system-err>
</testsuite>
