<?xml version="1.0" encoding="UTF-8"?>
<testsuite name="com.fit4j.context.ContextCachingForNonFitTestsShouldBeWorkingTestSuite$SecondFIT" tests="1" skipped="0" failures="0" errors="0" timestamp="2025-10-23T20:23:24" hostname="FWQXF07G9F" time="0.001">
  <properties/>
  <testcase name="check if application contexts are the same()" classname="com.fit4j.context.ContextCachingForNonFitTestsShouldBeWorkingTestSuite$SecondFIT" time="0.001"/>
  <system-out><![CDATA[2025-10-23T23:23:24.047+03:00 DEBUG 18523 --- [    Test worker] .b.t.c.SpringBootTestContextBootstrapper : Neither @ContextConfiguration nor @ContextHierarchy found for test class [SecondFIT]: using SpringBootContextLoader
2025-10-23T23:23:24.048+03:00 DEBUG 18523 --- [    Test worker] .b.t.c.SpringBootTestContextBootstrapper : Using ContextCustomizerFactory implementations for test class [SecondFIT]: [Fit4JTestContextCustomizerFactory, TestContainersContextCustomizerFactory, MockWebServerContextCustomizerFactory, GrpcContextCustomizerFactory, EmbeddedKafkaContextCustomizerFactory, EmbeddedDynamoDBContextCustomizerFactory, EmbeddedRedisContextCustomizerFactory, EmbeddedKafkaContextCustomizerFactory, OnFailureConditionReportContextCustomizerFactory, OverrideAutoConfigurationContextCustomizerFactory, ObservabilityContextCustomizerFactory, TypeExcludeFiltersContextCustomizerFactory, PropertyMappingContextCustomizerFactory, WebDriverContextCustomizerFactory, ImportsContextCustomizerFactory, ExcludeFilterContextCustomizerFactory, HttpGraphQlTesterContextCustomizerFactory, DuplicateJsonObjectContextCustomizerFactory, MockitoContextCustomizerFactory, TestRestTemplateContextCustomizerFactory, WebTestClientContextCustomizerFactory, DisableReactorResourceFactoryGlobalResourcesContextCustomizerFactory, MockServerContainerContextCustomizerFactory, DynamicPropertiesContextCustomizerFactory]
2025-10-23T23:23:24.048+03:00 DEBUG 18523 --- [    Test worker] .b.t.c.SpringBootTestContextBootstrapper : Using ContextCustomizers for test class [SecondFIT]: [OnFailureConditionReportContextCustomizer, DisableObservabilityContextCustomizer, PropertyMappingContextCustomizer, WebDriverContextCustomizer, ExcludeFilterContextCustomizer, DuplicateJsonObjectContextCustomizer, MockitoContextCustomizer, TestRestTemplateContextCustomizer, DisableReactorResourceFactoryGlobalResourcesContextCustomizerCustomizer]
2025-10-23T23:23:24.048+03:00  INFO 18523 --- [    Test worker] .b.t.c.SpringBootTestContextBootstrapper : Found @SpringBootConfiguration com.fit4j.TestApplication for test class com.fit4j.context.ContextCachingForNonFitTestsShouldBeWorkingTestSuite$SecondFIT
2025-10-23T23:23:24.049+03:00 DEBUG 18523 --- [    Test worker] .b.t.c.SpringBootTestContextBootstrapper : Using TestExecutionListeners for test class [SecondFIT]: [ServletTestExecutionListener, DirtiesContextBeforeModesTestExecutionListener, ApplicationEventsTestExecutionListener, MockitoTestExecutionListener, DependencyInjectionTestExecutionListener, DirtiesContextTestExecutionListener, TransactionalTestExecutionListener, SqlScriptsTestExecutionListener, EventPublishingTestExecutionListener, RestDocsTestExecutionListener, MockRestServiceServerResetTestExecutionListener, MockMvcPrintOnlyOnFailureTestExecutionListener, WebDriverTestExecutionListener, MockWebServiceServerTestExecutionListener, ResetMocksTestExecutionListener]
]]></system-out>
  <system-err><![CDATA[]]></system-err>
</testsuite>
