<?xml version="1.0" encoding="UTF-8"?>
<testsuite name="com.fit4j.testcontainers.ElasticsearchDocumentProviderFIT" tests="1" skipped="0" failures="0" errors="0" timestamp="2025-10-23T20:23:46" hostname="FWQXF07G9F" time="0.004">
  <properties/>
  <testcase name="it should provide documents from yaml file()" classname="com.fit4j.testcontainers.ElasticsearchDocumentProviderFIT" time="0.004"/>
  <system-out><![CDATA[2025-10-23T23:23:46.969+03:00 DEBUG 18523 --- [    Test worker] .b.t.c.SpringBootTestContextBootstrapper : Neither @ContextConfiguration nor @ContextHierarchy found for test class [ElasticsearchDocumentProviderFIT]: using SpringBootContextLoader
2025-10-23T23:23:46.970+03:00 DEBUG 18523 --- [    Test worker] .b.t.c.SpringBootTestContextBootstrapper : Using ContextCustomizerFactory implementations for test class [ElasticsearchDocumentProviderFIT]: [Fit4JTestContextCustomizerFactory, TestContainersContextCustomizerFactory, MockWebServerContextCustomizerFactory, GrpcContextCustomizerFactory, EmbeddedKafkaContextCustomizerFactory, EmbeddedDynamoDBContextCustomizerFactory, EmbeddedRedisContextCustomizerFactory, EmbeddedKafkaContextCustomizerFactory, OnFailureConditionReportContextCustomizerFactory, OverrideAutoConfigurationContextCustomizerFactory, ObservabilityContextCustomizerFactory, TypeExcludeFiltersContextCustomizerFactory, PropertyMappingContextCustomizerFactory, WebDriverContextCustomizerFactory, ImportsContextCustomizerFactory, ExcludeFilterContextCustomizerFactory, HttpGraphQlTesterContextCustomizerFactory, DuplicateJsonObjectContextCustomizerFactory, MockitoContextCustomizerFactory, TestRestTemplateContextCustomizerFactory, WebTestClientContextCustomizerFactory, DisableReactorResourceFactoryGlobalResourcesContextCustomizerFactory, MockServerContainerContextCustomizerFactory, DynamicPropertiesContextCustomizerFactory]
2025-10-23T23:23:46.970+03:00 DEBUG 18523 --- [    Test worker] .b.t.c.SpringBootTestContextBootstrapper : Using ContextCustomizers for test class [ElasticsearchDocumentProviderFIT]: [Fit4JTestContextCustomizer, MockWebServerContextCustomizer, GrpcContextCustomizer, OnFailureConditionReportContextCustomizer, DisableObservabilityContextCustomizer, PropertyMappingContextCustomizer, WebDriverContextCustomizer, ExcludeFilterContextCustomizer, DuplicateJsonObjectContextCustomizer, MockitoContextCustomizer, TestRestTemplateContextCustomizer, DisableReactorResourceFactoryGlobalResourcesContextCustomizerCustomizer]
2025-10-23T23:23:46.970+03:00  INFO 18523 --- [    Test worker] .b.t.c.SpringBootTestContextBootstrapper : Found @SpringBootConfiguration com.fit4j.TestApplication for test class com.fit4j.testcontainers.ElasticsearchDocumentProviderFIT
2025-10-23T23:23:46.971+03:00 DEBUG 18523 --- [    Test worker] .b.t.c.SpringBootTestContextBootstrapper : Using TestExecutionListeners for test class [ElasticsearchDocumentProviderFIT]: [ServletTestExecutionListener, DirtiesContextBeforeModesTestExecutionListener, ApplicationEventsTestExecutionListener, MockitoTestExecutionListener, DependencyInjectionTestExecutionListener, DirtiesContextTestExecutionListener, TransactionalTestExecutionListener, SqlScriptsTestExecutionListener, EventPublishingTestExecutionListener, RestDocsTestExecutionListener, MockRestServiceServerResetTestExecutionListener, MockMvcPrintOnlyOnFailureTestExecutionListener, WebDriverTestExecutionListener, MockWebServiceServerTestExecutionListener, ResetMocksTestExecutionListener]
2025-10-23T23:23:46.972+03:00 DEBUG 18523 --- [    Test worker] c.f.t.ElasticsearchDocumentProvider      : Loading Elasticsearch documents from elasticsearch_initial_data.yml
]]></system-out>
  <system-err><![CDATA[]]></system-err>
</testsuite>
