<?xml version="1.0" encoding="UTF-8"?>
<testsuite name="com.fit4j.kafka.KafkaMessageExtractorUT" tests="3" skipped="0" failures="0" errors="0" timestamp="2025-10-23T20:23:28" hostname="FWQXF07G9F" time="0.001">
  <properties/>
  <testcase name="it should extract message when first and only param is of type ProducerRecord()" classname="com.fit4j.kafka.KafkaMessageExtractorUT" time="0.001"/>
  <testcase name="it should extract message when first and only param is of type ConsumerRecord()" classname="com.fit4j.kafka.KafkaMessageExtractorUT" time="0.0"/>
  <testcase name="it should extract message when first and only param is of type MessageLite()" classname="com.fit4j.kafka.KafkaMessageExtractorUT" time="0.0"/>
  <system-out><![CDATA[]]></system-out>
  <system-err><![CDATA[]]></system-err>
</testsuite>
