<?xml version="1.0" encoding="UTF-8"?>
<testsuite name="com.fit4j.testcontainers.TestContainersContextCustomizerWithAnnotationFIT" tests="1" skipped="1" failures="0" errors="0" timestamp="2025-10-23T20:24:08" hostname="FWQXF07G9F" time="0.0">
  <properties/>
  <testcase name="it should register test containers if testcontainers annotation is present()" classname="com.fit4j.testcontainers.TestContainersContextCustomizerWithAnnotationFIT" time="0.0">
    <skipped/>
  </testcase>
  <system-out><![CDATA[]]></system-out>
  <system-err><![CDATA[]]></system-err>
</testsuite>
