<?xml version="1.0" encoding="UTF-8"?>
<testsuite name="com.fit4j.testcontainers.TestContainersContextCustomizerWithoutAnnotationFIT" tests="1" skipped="0" failures="0" errors="0" timestamp="2025-10-23T20:24:08" hostname="FWQXF07G9F" time="0.009">
  <properties/>
  <testcase name="it should not attempt to register test containers if no testcontainers annotation is present()" classname="com.fit4j.testcontainers.TestContainersContextCustomizerWithoutAnnotationFIT" time="0.009"/>
  <system-out><![CDATA[2025-10-23T23:24:08.081+03:00 DEBUG 18523 --- [    Test worker] .b.t.c.SpringBootTestContextBootstrapper : Neither @ContextConfiguration nor @ContextHierarchy found for test class [TestContainersContextCustomizerWithoutAnnotationFIT]: using SpringBootContextLoader
2025-10-23T23:24:08.082+03:00 DEBUG 18523 --- [    Test worker] .b.t.c.SpringBootTestContextBootstrapper : Using ContextCustomizerFactory implementations for test class [TestContainersContextCustomizerWithoutAnnotationFIT]: [Fit4JTestContextCustomizerFactory, TestContainersContextCustomizerFactory, MockWebServerContextCustomizerFactory, GrpcContextCustomizerFactory, EmbeddedKafkaContextCustomizerFactory, EmbeddedDynamoDBContextCustomizerFactory, EmbeddedRedisContextCustomizerFactory, EmbeddedKafkaContextCustomizerFactory, OnFailureConditionReportContextCustomizerFactory, OverrideAutoConfigurationContextCustomizerFactory, ObservabilityContextCustomizerFactory, TypeExcludeFiltersContextCustomizerFactory, PropertyMappingContextCustomizerFactory, WebDriverContextCustomizerFactory, ImportsContextCustomizerFactory, ExcludeFilterContextCustomizerFactory, HttpGraphQlTesterContextCustomizerFactory, DuplicateJsonObjectContextCustomizerFactory, MockitoContextCustomizerFactory, TestRestTemplateContextCustomizerFactory, WebTestClientContextCustomizerFactory, DisableReactorResourceFactoryGlobalResourcesContextCustomizerFactory, MockServerContainerContextCustomizerFactory, DynamicPropertiesContextCustomizerFactory]
2025-10-23T23:24:08.083+03:00 DEBUG 18523 --- [    Test worker] .b.t.c.SpringBootTestContextBootstrapper : Using ContextCustomizers for test class [TestContainersContextCustomizerWithoutAnnotationFIT]: [Fit4JTestContextCustomizer, MockWebServerContextCustomizer, GrpcContextCustomizer, OnFailureConditionReportContextCustomizer, DisableObservabilityContextCustomizer, PropertyMappingContextCustomizer, WebDriverContextCustomizer, ExcludeFilterContextCustomizer, DuplicateJsonObjectContextCustomizer, MockitoContextCustomizer, TestRestTemplateContextCustomizer, DisableReactorResourceFactoryGlobalResourcesContextCustomizerCustomizer]
2025-10-23T23:24:08.083+03:00  INFO 18523 --- [    Test worker] .b.t.c.SpringBootTestContextBootstrapper : Found @SpringBootConfiguration com.fit4j.TestApplication for test class com.fit4j.testcontainers.TestContainersContextCustomizerWithoutAnnotationFIT
2025-10-23T23:24:08.084+03:00 DEBUG 18523 --- [    Test worker] .b.t.c.SpringBootTestContextBootstrapper : Using TestExecutionListeners for test class [TestContainersContextCustomizerWithoutAnnotationFIT]: [ServletTestExecutionListener, DirtiesContextBeforeModesTestExecutionListener, ApplicationEventsTestExecutionListener, MockitoTestExecutionListener, DependencyInjectionTestExecutionListener, DirtiesContextTestExecutionListener, TransactionalTestExecutionListener, SqlScriptsTestExecutionListener, EventPublishingTestExecutionListener, RestDocsTestExecutionListener, MockRestServiceServerResetTestExecutionListener, MockMvcPrintOnlyOnFailureTestExecutionListener, WebDriverTestExecutionListener, MockWebServiceServerTestExecutionListener, ResetMocksTestExecutionListener]
]]></system-out>
  <system-err><![CDATA[]]></system-err>
</testsuite>
