<?xml version="1.0" encoding="UTF-8"?>
<testsuite name="com.fit4j.mock.declarative.MethodLevelDeclarativeTestFixtureProviderIntegrationTest" tests="4" skipped="0" failures="0" errors="0" timestamp="2025-10-23T20:23:33" hostname="FWQXF07G9F" time="0.024">
  <properties/>
  <testcase name="should return a list of test fixtures from a common fixture in yml()" classname="com.fit4j.mock.declarative.MethodLevelDeclarativeTestFixtureProviderIntegrationTest" time="0.007"/>
  <testcase name="should work without @FITFixture annotation()" classname="com.fit4j.mock.declarative.MethodLevelDeclarativeTestFixtureProviderIntegrationTest" time="0.004"/>
  <testcase name="should return a list of test fixtures()" classname="com.fit4j.mock.declarative.MethodLevelDeclarativeTestFixtureProviderIntegrationTest" time="0.004"/>
  <testcase name="should throw IllegalStateException when fixture not found in yml()" classname="com.fit4j.mock.declarative.MethodLevelDeclarativeTestFixtureProviderIntegrationTest" time="0.005"/>
  <system-out><![CDATA[2025-10-23T23:23:33.644+03:00 DEBUG 18523 --- [    Test worker] .b.t.c.SpringBootTestContextBootstrapper : Neither @ContextConfiguration nor @ContextHierarchy found for test class [MethodLevelDeclarativeTestFixtureProviderIntegrationTest]: using SpringBootContextLoader
2025-10-23T23:23:33.645+03:00 DEBUG 18523 --- [    Test worker] .b.t.c.SpringBootTestContextBootstrapper : Using ContextCustomizerFactory implementations for test class [MethodLevelDeclarativeTestFixtureProviderIntegrationTest]: [Fit4JTestContextCustomizerFactory, TestContainersContextCustomizerFactory, MockWebServerContextCustomizerFactory, GrpcContextCustomizerFactory, EmbeddedKafkaContextCustomizerFactory, EmbeddedDynamoDBContextCustomizerFactory, EmbeddedRedisContextCustomizerFactory, EmbeddedKafkaContextCustomizerFactory, OnFailureConditionReportContextCustomizerFactory, OverrideAutoConfigurationContextCustomizerFactory, ObservabilityContextCustomizerFactory, TypeExcludeFiltersContextCustomizerFactory, PropertyMappingContextCustomizerFactory, WebDriverContextCustomizerFactory, ImportsContextCustomizerFactory, ExcludeFilterContextCustomizerFactory, HttpGraphQlTesterContextCustomizerFactory, DuplicateJsonObjectContextCustomizerFactory, MockitoContextCustomizerFactory, TestRestTemplateContextCustomizerFactory, WebTestClientContextCustomizerFactory, DisableReactorResourceFactoryGlobalResourcesContextCustomizerFactory, MockServerContainerContextCustomizerFactory, DynamicPropertiesContextCustomizerFactory]
2025-10-23T23:23:33.646+03:00 DEBUG 18523 --- [    Test worker] .b.t.c.SpringBootTestContextBootstrapper : Using ContextCustomizers for test class [MethodLevelDeclarativeTestFixtureProviderIntegrationTest]: [Fit4JTestContextCustomizer, MockWebServerContextCustomizer, GrpcContextCustomizer, OnFailureConditionReportContextCustomizer, DisableObservabilityContextCustomizer, PropertyMappingContextCustomizer, WebDriverContextCustomizer, ExcludeFilterContextCustomizer, DuplicateJsonObjectContextCustomizer, MockitoContextCustomizer, TestRestTemplateContextCustomizer, DisableReactorResourceFactoryGlobalResourcesContextCustomizerCustomizer]
2025-10-23T23:23:33.646+03:00  INFO 18523 --- [    Test worker] .b.t.c.SpringBootTestContextBootstrapper : Found @SpringBootConfiguration com.fit4j.TestApplication for test class com.fit4j.mock.declarative.MethodLevelDeclarativeTestFixtureProviderIntegrationTest
2025-10-23T23:23:33.647+03:00 DEBUG 18523 --- [    Test worker] .b.t.c.SpringBootTestContextBootstrapper : Using TestExecutionListeners for test class [MethodLevelDeclarativeTestFixtureProviderIntegrationTest]: [ServletTestExecutionListener, DirtiesContextBeforeModesTestExecutionListener, ApplicationEventsTestExecutionListener, MockitoTestExecutionListener, DependencyInjectionTestExecutionListener, DirtiesContextTestExecutionListener, TransactionalTestExecutionListener, SqlScriptsTestExecutionListener, EventPublishingTestExecutionListener, RestDocsTestExecutionListener, MockRestServiceServerResetTestExecutionListener, MockMvcPrintOnlyOnFailureTestExecutionListener, WebDriverTestExecutionListener, MockWebServiceServerTestExecutionListener, ResetMocksTestExecutionListener]
2025-10-23T23:23:33.658+03:00 DEBUG 18523 --- [    Test worker] ySourcesPropertyResolver$DefaultResolver : Found key 'fit4j.testClass.simpleName' in PropertySource 'fit4j-test-property-source' with value of type String
]]></system-out>
  <system-err><![CDATA[]]></system-err>
</testsuite>
