<?xml version="1.0" encoding="UTF-8"?>
<testsuite name="com.fit4j.grpc.SampleGrpcFIT" tests="1" skipped="0" failures="0" errors="0" timestamp="2025-10-23T20:23:25" hostname="FWQXF07G9F" time="0.004">
  <properties/>
  <testcase name="it should work()" classname="com.fit4j.grpc.SampleGrpcFIT" time="0.004"/>
  <system-out><![CDATA[2025-10-23T23:23:25.469+03:00 DEBUG 18523 --- [    Test worker] .b.t.c.SpringBootTestContextBootstrapper : Neither @ContextConfiguration nor @ContextHierarchy found for test class [SampleGrpcFIT]: using SpringBootContextLoader
2025-10-23T23:23:25.469+03:00 DEBUG 18523 --- [    Test worker] .b.t.c.SpringBootTestContextBootstrapper : Using ContextCustomizerFactory implementations for test class [SampleGrpcFIT]: [Fit4JTestContextCustomizerFactory, TestContainersContextCustomizerFactory, MockWebServerContextCustomizerFactory, GrpcContextCustomizerFactory, EmbeddedKafkaContextCustomizerFactory, EmbeddedDynamoDBContextCustomizerFactory, EmbeddedRedisContextCustomizerFactory, EmbeddedKafkaContextCustomizerFactory, OnFailureConditionReportContextCustomizerFactory, OverrideAutoConfigurationContextCustomizerFactory, ObservabilityContextCustomizerFactory, TypeExcludeFiltersContextCustomizerFactory, PropertyMappingContextCustomizerFactory, WebDriverContextCustomizerFactory, ImportsContextCustomizerFactory, ExcludeFilterContextCustomizerFactory, HttpGraphQlTesterContextCustomizerFactory, DuplicateJsonObjectContextCustomizerFactory, MockitoContextCustomizerFactory, TestRestTemplateContextCustomizerFactory, WebTestClientContextCustomizerFactory, DisableReactorResourceFactoryGlobalResourcesContextCustomizerFactory, MockServerContainerContextCustomizerFactory, DynamicPropertiesContextCustomizerFactory]
2025-10-23T23:23:25.470+03:00 DEBUG 18523 --- [    Test worker] .b.t.c.SpringBootTestContextBootstrapper : Using ContextCustomizers for test class [SampleGrpcFIT]: [Fit4JTestContextCustomizer, MockWebServerContextCustomizer, GrpcContextCustomizer, OnFailureConditionReportContextCustomizer, DisableObservabilityContextCustomizer, PropertyMappingContextCustomizer, WebDriverContextCustomizer, ExcludeFilterContextCustomizer, DuplicateJsonObjectContextCustomizer, MockitoContextCustomizer, TestRestTemplateContextCustomizer, DisableReactorResourceFactoryGlobalResourcesContextCustomizerCustomizer]
2025-10-23T23:23:25.470+03:00  INFO 18523 --- [    Test worker] .b.t.c.SpringBootTestContextBootstrapper : Found @SpringBootConfiguration com.fit4j.TestApplication for test class com.fit4j.grpc.SampleGrpcFIT
2025-10-23T23:23:25.470+03:00 DEBUG 18523 --- [    Test worker] .b.t.c.SpringBootTestContextBootstrapper : Using TestExecutionListeners for test class [SampleGrpcFIT]: [ServletTestExecutionListener, DirtiesContextBeforeModesTestExecutionListener, ApplicationEventsTestExecutionListener, MockitoTestExecutionListener, DependencyInjectionTestExecutionListener, DirtiesContextTestExecutionListener, TransactionalTestExecutionListener, SqlScriptsTestExecutionListener, EventPublishingTestExecutionListener, RestDocsTestExecutionListener, MockRestServiceServerResetTestExecutionListener, MockMvcPrintOnlyOnFailureTestExecutionListener, WebDriverTestExecutionListener, MockWebServiceServerTestExecutionListener, ResetMocksTestExecutionListener]
2025-10-23T23:23:25.473+03:00 DEBUG 18523 --- [ault-executor-0] c.fit4j.mock.MockServiceResponseFactory  : Found a candidate response provider DefaultGrpcServiceResponseProvider for the request type :com.example.fit4j.grpc.TestGrpc$GetAgeRequest
2025-10-23T23:23:25.473+03:00 DEBUG 18523 --- [ault-executor-0] ySourcesPropertyResolver$DefaultResolver : Found key 'fit4j.testClass.simpleName' in PropertySource 'fit4j-test-property-source' with value of type String
2025-10-23T23:23:25.473+03:00 DEBUG 18523 --- [ault-executor-0] c.f.g.DefaultGrpcServiceResponseProvider : DefaultGrpcServiceResponseProvider obtained a response from a declarative test fixture
2025-10-23T23:23:25.473+03:00 DEBUG 18523 --- [ault-executor-0] c.fit4j.mock.MockServiceResponseFactory  : Candidate response provider provided a response for the request type :com.example.fit4j.grpc.TestGrpc$GetAgeRequest
2025-10-23T23:23:25.473+03:00 DEBUG 18523 --- [ault-executor-0] com.fit4j.mock.MockServiceCallTracker    : Trace info added: MockGrpcCallTrace(request=com.example.fit4j.grpc.TestGrpc$GetAgeRequest, response=com.example.fit4j.grpc.TestGrpc$GetAgeResponse, throwable=null)
]]></system-out>
  <system-err><![CDATA[]]></system-err>
</testsuite>
