<?xml version="1.0" encoding="UTF-8"?>
<testsuite name="com.fit4j.mock.declarative.TestFixtureGroupStateCleanupFIT" tests="4" skipped="0" failures="0" errors="0" timestamp="2025-10-23T20:23:33" hostname="FWQXF07G9F" time="0.029">
  <properties/>
  <testcase name="should should reset http fixtures and return a list of test fixtures 1()" classname="com.fit4j.mock.declarative.TestFixtureGroupStateCleanupFIT" time="0.008"/>
  <testcase name="should should reset http fixtures and return a list of test fixtures 2()" classname="com.fit4j.mock.declarative.TestFixtureGroupStateCleanupFIT" time="0.005"/>
  <testcase name="should should reset grpc fixtures and return a list of test fixtures 1()" classname="com.fit4j.mock.declarative.TestFixtureGroupStateCleanupFIT" time="0.008"/>
  <testcase name="should should reset grpc fixtures and return a list of test fixtures 2()" classname="com.fit4j.mock.declarative.TestFixtureGroupStateCleanupFIT" time="0.005"/>
  <system-out><![CDATA[2025-10-23T23:23:33.674+03:00 DEBUG 18523 --- [    Test worker] .b.t.c.SpringBootTestContextBootstrapper : Neither @ContextConfiguration nor @ContextHierarchy found for test class [TestFixtureGroupStateCleanupFIT]: using SpringBootContextLoader
2025-10-23T23:23:33.675+03:00 DEBUG 18523 --- [    Test worker] .b.t.c.SpringBootTestContextBootstrapper : Using ContextCustomizerFactory implementations for test class [TestFixtureGroupStateCleanupFIT]: [Fit4JTestContextCustomizerFactory, TestContainersContextCustomizerFactory, MockWebServerContextCustomizerFactory, GrpcContextCustomizerFactory, EmbeddedKafkaContextCustomizerFactory, EmbeddedDynamoDBContextCustomizerFactory, EmbeddedRedisContextCustomizerFactory, EmbeddedKafkaContextCustomizerFactory, OnFailureConditionReportContextCustomizerFactory, OverrideAutoConfigurationContextCustomizerFactory, ObservabilityContextCustomizerFactory, TypeExcludeFiltersContextCustomizerFactory, PropertyMappingContextCustomizerFactory, WebDriverContextCustomizerFactory, ImportsContextCustomizerFactory, ExcludeFilterContextCustomizerFactory, HttpGraphQlTesterContextCustomizerFactory, DuplicateJsonObjectContextCustomizerFactory, MockitoContextCustomizerFactory, TestRestTemplateContextCustomizerFactory, WebTestClientContextCustomizerFactory, DisableReactorResourceFactoryGlobalResourcesContextCustomizerFactory, MockServerContainerContextCustomizerFactory, DynamicPropertiesContextCustomizerFactory]
2025-10-23T23:23:33.676+03:00 DEBUG 18523 --- [    Test worker] .b.t.c.SpringBootTestContextBootstrapper : Using ContextCustomizers for test class [TestFixtureGroupStateCleanupFIT]: [Fit4JTestContextCustomizer, MockWebServerContextCustomizer, GrpcContextCustomizer, OnFailureConditionReportContextCustomizer, DisableObservabilityContextCustomizer, PropertyMappingContextCustomizer, WebDriverContextCustomizer, ExcludeFilterContextCustomizer, DuplicateJsonObjectContextCustomizer, MockitoContextCustomizer, TestRestTemplateContextCustomizer, DisableReactorResourceFactoryGlobalResourcesContextCustomizerCustomizer]
2025-10-23T23:23:33.676+03:00  INFO 18523 --- [    Test worker] .b.t.c.SpringBootTestContextBootstrapper : Found @SpringBootConfiguration com.fit4j.TestApplication for test class com.fit4j.mock.declarative.TestFixtureGroupStateCleanupFIT
2025-10-23T23:23:33.677+03:00 DEBUG 18523 --- [    Test worker] .b.t.c.SpringBootTestContextBootstrapper : Using TestExecutionListeners for test class [TestFixtureGroupStateCleanupFIT]: [ServletTestExecutionListener, DirtiesContextBeforeModesTestExecutionListener, ApplicationEventsTestExecutionListener, MockitoTestExecutionListener, DependencyInjectionTestExecutionListener, DirtiesContextTestExecutionListener, TransactionalTestExecutionListener, SqlScriptsTestExecutionListener, EventPublishingTestExecutionListener, RestDocsTestExecutionListener, MockRestServiceServerResetTestExecutionListener, MockMvcPrintOnlyOnFailureTestExecutionListener, WebDriverTestExecutionListener, MockWebServiceServerTestExecutionListener, ResetMocksTestExecutionListener]
2025-10-23T23:23:33.678+03:00 DEBUG 18523 --- [    Test worker] c.fit4j.mock.MockServiceResponseFactory  : Found a candidate response provider DefaultHttpResponseProvider for the request type :okhttp3.mockwebserver.RecordedRequest
2025-10-23T23:23:33.680+03:00 DEBUG 18523 --- [    Test worker] c.f.http.DefaultHttpResponseProvider     : DefaultHttpResponseProvider obtained a response from a HttpResponseJsonBuilder
2025-10-23T23:23:33.680+03:00 DEBUG 18523 --- [    Test worker] c.fit4j.mock.MockServiceResponseFactory  : Candidate response provider provided a response for the request type :okhttp3.mockwebserver.RecordedRequest
2025-10-23T23:23:33.681+03:00 DEBUG 18523 --- [    Test worker] c.fit4j.mock.MockServiceResponseFactory  : Found a candidate response provider DefaultHttpResponseProvider for the request type :okhttp3.mockwebserver.RecordedRequest
2025-10-23T23:23:33.681+03:00 DEBUG 18523 --- [    Test worker] c.f.http.DefaultHttpResponseProvider     : DefaultHttpResponseProvider obtained a response from a HttpResponseJsonBuilder
2025-10-23T23:23:33.681+03:00 DEBUG 18523 --- [    Test worker] c.fit4j.mock.MockServiceResponseFactory  : Candidate response provider provided a response for the request type :okhttp3.mockwebserver.RecordedRequest
2025-10-23T23:23:33.681+03:00 DEBUG 18523 --- [    Test worker] c.fit4j.mock.MockServiceResponseFactory  : Found a candidate response provider DefaultHttpResponseProvider for the request type :okhttp3.mockwebserver.RecordedRequest
2025-10-23T23:23:33.681+03:00 DEBUG 18523 --- [    Test worker] c.f.http.DefaultHttpResponseProvider     : DefaultHttpResponseProvider obtained a response from a HttpResponseJsonBuilder
2025-10-23T23:23:33.681+03:00 DEBUG 18523 --- [    Test worker] c.fit4j.mock.MockServiceResponseFactory  : Candidate response provider provided a response for the request type :okhttp3.mockwebserver.RecordedRequest
2025-10-23T23:23:33.681+03:00 DEBUG 18523 --- [    Test worker] c.fit4j.mock.MockServiceResponseFactory  : Found a candidate response provider DefaultHttpResponseProvider for the request type :okhttp3.mockwebserver.RecordedRequest
2025-10-23T23:23:33.681+03:00 DEBUG 18523 --- [    Test worker] c.f.http.DefaultHttpResponseProvider     : DefaultHttpResponseProvider obtained a response from a HttpResponseJsonBuilder
2025-10-23T23:23:33.681+03:00 DEBUG 18523 --- [    Test worker] c.fit4j.mock.MockServiceResponseFactory  : Candidate response provider provided a response for the request type :okhttp3.mockwebserver.RecordedRequest
2025-10-23T23:23:33.687+03:00 DEBUG 18523 --- [    Test worker] c.fit4j.mock.MockServiceResponseFactory  : Found a candidate response provider DefaultHttpResponseProvider for the request type :okhttp3.mockwebserver.RecordedRequest
2025-10-23T23:23:33.687+03:00 DEBUG 18523 --- [    Test worker] c.f.http.DefaultHttpResponseProvider     : DefaultHttpResponseProvider obtained a response from a HttpResponseJsonBuilder
2025-10-23T23:23:33.687+03:00 DEBUG 18523 --- [    Test worker] c.fit4j.mock.MockServiceResponseFactory  : Candidate response provider provided a response for the request type :okhttp3.mockwebserver.RecordedRequest
2025-10-23T23:23:33.687+03:00 DEBUG 18523 --- [    Test worker] c.fit4j.mock.MockServiceResponseFactory  : Found a candidate response provider DefaultHttpResponseProvider for the request type :okhttp3.mockwebserver.RecordedRequest
2025-10-23T23:23:33.687+03:00 DEBUG 18523 --- [    Test worker] c.f.http.DefaultHttpResponseProvider     : DefaultHttpResponseProvider obtained a response from a HttpResponseJsonBuilder
2025-10-23T23:23:33.688+03:00 DEBUG 18523 --- [    Test worker] c.fit4j.mock.MockServiceResponseFactory  : Candidate response provider provided a response for the request type :okhttp3.mockwebserver.RecordedRequest
2025-10-23T23:23:33.688+03:00 DEBUG 18523 --- [    Test worker] c.fit4j.mock.MockServiceResponseFactory  : Found a candidate response provider DefaultHttpResponseProvider for the request type :okhttp3.mockwebserver.RecordedRequest
2025-10-23T23:23:33.688+03:00 DEBUG 18523 --- [    Test worker] c.f.http.DefaultHttpResponseProvider     : DefaultHttpResponseProvider obtained a response from a HttpResponseJsonBuilder
2025-10-23T23:23:33.688+03:00 DEBUG 18523 --- [    Test worker] c.fit4j.mock.MockServiceResponseFactory  : Candidate response provider provided a response for the request type :okhttp3.mockwebserver.RecordedRequest
2025-10-23T23:23:33.688+03:00 DEBUG 18523 --- [    Test worker] c.fit4j.mock.MockServiceResponseFactory  : Found a candidate response provider DefaultHttpResponseProvider for the request type :okhttp3.mockwebserver.RecordedRequest
2025-10-23T23:23:33.688+03:00 DEBUG 18523 --- [    Test worker] c.f.http.DefaultHttpResponseProvider     : DefaultHttpResponseProvider obtained a response from a HttpResponseJsonBuilder
2025-10-23T23:23:33.688+03:00 DEBUG 18523 --- [    Test worker] c.fit4j.mock.MockServiceResponseFactory  : Candidate response provider provided a response for the request type :okhttp3.mockwebserver.RecordedRequest
2025-10-23T23:23:33.693+03:00 DEBUG 18523 --- [    Test worker] c.fit4j.mock.MockServiceResponseFactory  : Found a candidate response provider DefaultGrpcServiceResponseProvider for the request type :com.example.fit4j.grpc.TestGrpc$GetAgeRequest
2025-10-23T23:23:33.693+03:00 DEBUG 18523 --- [    Test worker] c.f.g.DefaultGrpcServiceResponseProvider : DefaultGrpcServiceResponseProvider obtained a response from a declarative test fixture
2025-10-23T23:23:33.696+03:00 DEBUG 18523 --- [    Test worker] c.fit4j.mock.MockServiceResponseFactory  : Candidate response provider provided a response for the request type :com.example.fit4j.grpc.TestGrpc$GetAgeRequest
2025-10-23T23:23:33.696+03:00 DEBUG 18523 --- [    Test worker] c.fit4j.mock.MockServiceResponseFactory  : Found a candidate response provider DefaultGrpcServiceResponseProvider for the request type :com.example.fit4j.grpc.TestGrpc$GetAgeRequest
2025-10-23T23:23:33.696+03:00 DEBUG 18523 --- [    Test worker] c.f.g.DefaultGrpcServiceResponseProvider : DefaultGrpcServiceResponseProvider obtained a response from a declarative test fixture
2025-10-23T23:23:33.696+03:00 DEBUG 18523 --- [    Test worker] c.fit4j.mock.MockServiceResponseFactory  : Candidate response provider provided a response for the request type :com.example.fit4j.grpc.TestGrpc$GetAgeRequest
2025-10-23T23:23:33.696+03:00 DEBUG 18523 --- [    Test worker] c.fit4j.mock.MockServiceResponseFactory  : Found a candidate response provider DefaultGrpcServiceResponseProvider for the request type :com.example.fit4j.grpc.TestGrpc$GetAgeRequest
2025-10-23T23:23:33.696+03:00 DEBUG 18523 --- [    Test worker] c.f.g.DefaultGrpcServiceResponseProvider : DefaultGrpcServiceResponseProvider obtained a response from a declarative test fixture
2025-10-23T23:23:33.697+03:00 DEBUG 18523 --- [    Test worker] c.fit4j.mock.MockServiceResponseFactory  : Candidate response provider provided a response for the request type :com.example.fit4j.grpc.TestGrpc$GetAgeRequest
2025-10-23T23:23:33.697+03:00 DEBUG 18523 --- [    Test worker] c.fit4j.mock.MockServiceResponseFactory  : Found a candidate response provider DefaultGrpcServiceResponseProvider for the request type :com.example.fit4j.grpc.TestGrpc$GetAgeRequest
2025-10-23T23:23:33.697+03:00 DEBUG 18523 --- [    Test worker] c.f.g.DefaultGrpcServiceResponseProvider : DefaultGrpcServiceResponseProvider obtained a response from a declarative test fixture
2025-10-23T23:23:33.697+03:00 DEBUG 18523 --- [    Test worker] c.fit4j.mock.MockServiceResponseFactory  : Candidate response provider provided a response for the request type :com.example.fit4j.grpc.TestGrpc$GetAgeRequest
2025-10-23T23:23:33.702+03:00 DEBUG 18523 --- [    Test worker] c.fit4j.mock.MockServiceResponseFactory  : Found a candidate response provider DefaultGrpcServiceResponseProvider for the request type :com.example.fit4j.grpc.TestGrpc$GetAgeRequest
2025-10-23T23:23:33.702+03:00 DEBUG 18523 --- [    Test worker] c.f.g.DefaultGrpcServiceResponseProvider : DefaultGrpcServiceResponseProvider obtained a response from a declarative test fixture
2025-10-23T23:23:33.702+03:00 DEBUG 18523 --- [    Test worker] c.fit4j.mock.MockServiceResponseFactory  : Candidate response provider provided a response for the request type :com.example.fit4j.grpc.TestGrpc$GetAgeRequest
2025-10-23T23:23:33.702+03:00 DEBUG 18523 --- [    Test worker] c.fit4j.mock.MockServiceResponseFactory  : Found a candidate response provider DefaultGrpcServiceResponseProvider for the request type :com.example.fit4j.grpc.TestGrpc$GetAgeRequest
2025-10-23T23:23:33.702+03:00 DEBUG 18523 --- [    Test worker] c.f.g.DefaultGrpcServiceResponseProvider : DefaultGrpcServiceResponseProvider obtained a response from a declarative test fixture
2025-10-23T23:23:33.702+03:00 DEBUG 18523 --- [    Test worker] c.fit4j.mock.MockServiceResponseFactory  : Candidate response provider provided a response for the request type :com.example.fit4j.grpc.TestGrpc$GetAgeRequest
2025-10-23T23:23:33.703+03:00 DEBUG 18523 --- [    Test worker] c.fit4j.mock.MockServiceResponseFactory  : Found a candidate response provider DefaultGrpcServiceResponseProvider for the request type :com.example.fit4j.grpc.TestGrpc$GetAgeRequest
2025-10-23T23:23:33.703+03:00 DEBUG 18523 --- [    Test worker] c.f.g.DefaultGrpcServiceResponseProvider : DefaultGrpcServiceResponseProvider obtained a response from a declarative test fixture
2025-10-23T23:23:33.703+03:00 DEBUG 18523 --- [    Test worker] c.fit4j.mock.MockServiceResponseFactory  : Candidate response provider provided a response for the request type :com.example.fit4j.grpc.TestGrpc$GetAgeRequest
2025-10-23T23:23:33.703+03:00 DEBUG 18523 --- [    Test worker] c.fit4j.mock.MockServiceResponseFactory  : Found a candidate response provider DefaultGrpcServiceResponseProvider for the request type :com.example.fit4j.grpc.TestGrpc$GetAgeRequest
2025-10-23T23:23:33.703+03:00 DEBUG 18523 --- [    Test worker] c.f.g.DefaultGrpcServiceResponseProvider : DefaultGrpcServiceResponseProvider obtained a response from a declarative test fixture
2025-10-23T23:23:33.703+03:00 DEBUG 18523 --- [    Test worker] c.fit4j.mock.MockServiceResponseFactory  : Candidate response provider provided a response for the request type :com.example.fit4j.grpc.TestGrpc$GetAgeRequest
]]></system-out>
  <system-err><![CDATA[]]></system-err>
</testsuite>
