<?xml version="1.0" encoding="UTF-8"?>
<testsuite name="com.fit4j.mock.declarative.DeclarativeTestFixtureDataProviderFIT" tests="4" skipped="0" failures="0" errors="0" timestamp="2025-10-23T20:23:33" hostname="FWQXF07G9F" time="0.056">
  <properties/>
  <testcase name="it should return test fixtures for the given test1()" classname="com.fit4j.mock.declarative.DeclarativeTestFixtureDataProviderFIT" time="0.02"/>
  <testcase name="it should return test fixtures for the given test2()" classname="com.fit4j.mock.declarative.DeclarativeTestFixtureDataProviderFIT" time="0.011"/>
  <testcase name="it should return test fixtures for the given test3()" classname="com.fit4j.mock.declarative.DeclarativeTestFixtureDataProviderFIT" time="0.013"/>
  <testcase name="it should return test fixtures for the given test4()" classname="com.fit4j.mock.declarative.DeclarativeTestFixtureDataProviderFIT" time="0.009"/>
  <system-out><![CDATA[2025-10-23T23:23:33.058+03:00 DEBUG 18523 --- [    Test worker] .b.t.c.SpringBootTestContextBootstrapper : Neither @ContextConfiguration nor @ContextHierarchy found for test class [DeclarativeTestFixtureDataProviderFIT]: using SpringBootContextLoader
2025-10-23T23:23:33.060+03:00 DEBUG 18523 --- [    Test worker] .b.t.c.SpringBootTestContextBootstrapper : Using ContextCustomizerFactory implementations for test class [DeclarativeTestFixtureDataProviderFIT]: [Fit4JTestContextCustomizerFactory, TestContainersContextCustomizerFactory, MockWebServerContextCustomizerFactory, GrpcContextCustomizerFactory, EmbeddedKafkaContextCustomizerFactory, EmbeddedDynamoDBContextCustomizerFactory, EmbeddedRedisContextCustomizerFactory, EmbeddedKafkaContextCustomizerFactory, OnFailureConditionReportContextCustomizerFactory, OverrideAutoConfigurationContextCustomizerFactory, ObservabilityContextCustomizerFactory, TypeExcludeFiltersContextCustomizerFactory, PropertyMappingContextCustomizerFactory, WebDriverContextCustomizerFactory, ImportsContextCustomizerFactory, ExcludeFilterContextCustomizerFactory, HttpGraphQlTesterContextCustomizerFactory, DuplicateJsonObjectContextCustomizerFactory, MockitoContextCustomizerFactory, TestRestTemplateContextCustomizerFactory, WebTestClientContextCustomizerFactory, DisableReactorResourceFactoryGlobalResourcesContextCustomizerFactory, MockServerContainerContextCustomizerFactory, DynamicPropertiesContextCustomizerFactory]
2025-10-23T23:23:33.061+03:00 DEBUG 18523 --- [    Test worker] .b.t.c.SpringBootTestContextBootstrapper : Using ContextCustomizers for test class [DeclarativeTestFixtureDataProviderFIT]: [Fit4JTestContextCustomizer, MockWebServerContextCustomizer, GrpcContextCustomizer, OnFailureConditionReportContextCustomizer, DisableObservabilityContextCustomizer, PropertyMappingContextCustomizer, WebDriverContextCustomizer, ExcludeFilterContextCustomizer, DuplicateJsonObjectContextCustomizer, MockitoContextCustomizer, TestRestTemplateContextCustomizer, DisableReactorResourceFactoryGlobalResourcesContextCustomizerCustomizer]
2025-10-23T23:23:33.086+03:00  INFO 18523 --- [    Test worker] .b.t.c.SpringBootTestContextBootstrapper : Found @SpringBootConfiguration com.fit4j.TestApplication for test class com.fit4j.mock.declarative.DeclarativeTestFixtureDataProviderFIT
2025-10-23T23:23:33.087+03:00 DEBUG 18523 --- [    Test worker] .b.t.c.SpringBootTestContextBootstrapper : Using TestExecutionListeners for test class [DeclarativeTestFixtureDataProviderFIT]: [ServletTestExecutionListener, DirtiesContextBeforeModesTestExecutionListener, ApplicationEventsTestExecutionListener, MockitoTestExecutionListener, DependencyInjectionTestExecutionListener, DirtiesContextTestExecutionListener, TransactionalTestExecutionListener, SqlScriptsTestExecutionListener, EventPublishingTestExecutionListener, RestDocsTestExecutionListener, MockRestServiceServerResetTestExecutionListener, MockMvcPrintOnlyOnFailureTestExecutionListener, WebDriverTestExecutionListener, MockWebServiceServerTestExecutionListener, ResetMocksTestExecutionListener]
]]></system-out>
  <system-err><![CDATA[]]></system-err>
</testsuite>
