<?xml version="1.0" encoding="UTF-8"?>
<testsuite name="com.fit4j.examples.dynamodb.DynamoDBExampleFIT" tests="1" skipped="0" failures="0" errors="0" timestamp="2025-10-23T15:54:38" hostname="FWQXF07G9F" time="0.688">
  <properties/>
  <testcase name="it should work()" classname="com.fit4j.examples.dynamodb.DynamoDBExampleFIT" time="0.688"/>
  <system-out><![CDATA[18:54:34.803 [Test worker] WARN org.springframework.core.annotation.AnnotationTypeMapping -- Support for convention-based annotation attribute overrides is deprecated and will be removed in Spring Framework 6.2. Please annotate the following attributes in @com.fit4j.annotation.FIT with appropriate @AliasFor declarations: [webEnvironment]
18:54:34.805 [Test worker] WARN org.springframework.core.annotation.AnnotationTypeMapping -- Support for convention-based annotation attribute overrides is deprecated and will be removed in Spring Framework 6.2. Please annotate the following attributes in @com.fit4j.annotation.FIT with appropriate @AliasFor declarations: [webEnvironment]
18:54:34.808 [Test worker] WARN org.springframework.core.annotation.AnnotationTypeMapping -- Support for convention-based annotation attribute overrides is deprecated and will be removed in Spring Framework 6.2. Please annotate the following attributes in @com.fit4j.annotation.IT with appropriate @AliasFor declarations: [webEnvironment]
18:54:34.820 [Test worker] INFO org.springframework.test.context.support.AnnotationConfigContextLoaderUtils -- Could not detect default configuration classes for test class [com.fit4j.examples.dynamodb.DynamoDBExampleFIT]: DynamoDBExampleFIT does not declare any static, non-private, non-final, nested classes annotated with @Configuration.
18:54:35.049 [Test worker] INFO org.springframework.boot.test.context.SpringBootTestContextBootstrapper -- Found @SpringBootConfiguration com.fit4j.examples.ExamplesParentApplication for test class com.fit4j.examples.dynamodb.DynamoDBExampleFIT

  .   ____          _            __ _ _
 /\\ / ___'_ __ _ _(_)_ __  __ _ \ \ \ \
( ( )\___ | '_ | '_| | '_ \/ _` | \ \ \ \
 \\/  ___)| |_)| | | | | || (_| |  ) ) ) )
  '  |____| .__|_| |_|_| |_\__, | / / / /
 =========|_|==============|___/=/_/_/_/

 :: Spring Boot ::                (v3.3.7)

2025-10-23T18:54:35.393+03:00  INFO 95769 --- [    Test worker] org.testcontainers.images.PullPolicy     : Image pull policy will be performed by: DefaultPullPolicy()
2025-10-23T18:54:35.396+03:00  INFO 95769 --- [    Test worker] o.t.utility.ImageNameSubstitutor         : Image name substitution will be performed by: DefaultImageNameSubstitutor (composite of 'ConfigurationFileImageNameSubstitutor' and 'PrefixingImageNameSubstitutor')
2025-10-23T18:54:35.529+03:00  INFO 95769 --- [    Test worker] o.t.d.DockerClientProviderStrategy       : Loaded org.testcontainers.dockerclient.UnixSocketClientProviderStrategy from ~/.testcontainers.properties, will try it first
2025-10-23T18:54:35.773+03:00  INFO 95769 --- [    Test worker] o.t.d.DockerClientProviderStrategy       : Found Docker environment with local Unix socket (unix:///var/run/docker.sock)
2025-10-23T18:54:35.775+03:00  INFO 95769 --- [    Test worker] org.testcontainers.DockerClientFactory   : Docker host IP address is localhost
2025-10-23T18:54:35.811+03:00  INFO 95769 --- [    Test worker] org.testcontainers.DockerClientFactory   : Connected to docker: 
  Server Version: 5.6.0
  API Version: 1.41
  Operating System: fedora
  Total Memory: 3612 MB
2025-10-23T18:54:35.843+03:00  INFO 95769 --- [    Test worker] tc.testcontainers/ryuk:0.7.0             : Creating container for image: testcontainers/ryuk:0.7.0
2025-10-23T18:54:35.893+03:00  INFO 95769 --- [    Test worker] tc.testcontainers/ryuk:0.7.0             : Container testcontainers/ryuk:0.7.0 is starting: 5e70d4bab66e0a88205cab10a0a2b8f3b259c02ff96203ed6952d385461c0d4c
2025-10-23T18:54:36.206+03:00  INFO 95769 --- [    Test worker] tc.testcontainers/ryuk:0.7.0             : Container testcontainers/ryuk:0.7.0 started in PT0.363547S
2025-10-23T18:54:36.209+03:00  INFO 95769 --- [    Test worker] o.t.utility.RyukResourceReaper           : Ryuk started - will monitor and terminate Testcontainers containers on JVM exit
2025-10-23T18:54:36.210+03:00  INFO 95769 --- [    Test worker] org.testcontainers.DockerClientFactory   : Checking the system...
2025-10-23T18:54:36.210+03:00  INFO 95769 --- [    Test worker] org.testcontainers.DockerClientFactory   : ✔︎ Docker server version should be at least 1.6.0
2025-10-23T18:54:36.215+03:00  INFO 95769 --- [    Test worker] tc.amazon/dynamodb-local:1.13.6          : Creating container for image: amazon/dynamodb-local:1.13.6
2025-10-23T18:54:36.264+03:00  INFO 95769 --- [    Test worker] tc.amazon/dynamodb-local:1.13.6          : Container amazon/dynamodb-local:1.13.6 is starting: bd1665fe5ca80eff5771b1c226d2c2021d058848a44d4bf38d476fc1816b5b47
2025-10-23T18:54:37.047+03:00  INFO 95769 --- [    Test worker] tc.amazon/dynamodb-local:1.13.6          : Container amazon/dynamodb-local:1.13.6 started in PT0.831776S
2025-10-23T18:54:37.072+03:00  WARN 95769 --- [    Test worker] ory$DuplicateJsonObjectContextCustomizer : 

Found multiple occurrences of org.json.JSONObject on the class path:

	jar:file:/Users/kenan.sevindik/.gradle/caches/modules-2/files-2.1/org.json/json/20231013/e22e0c040fe16f04ffdb85d851d77b07fc05ea52/json-20231013.jar!/org/json/JSONObject.class
	jar:file:/Users/kenan.sevindik/.gradle/caches/modules-2/files-2.1/com.vaadin.external.google/android-json/0.0.20131108.vaadin1/fa26d351fe62a6a17f5cda1287c1c6110dec413f/android-json-0.0.20131108.vaadin1.jar!/org/json/JSONObject.class

You may wish to exclude one of them to ensure predictable runtime behavior

2025-10-23T18:54:37.077+03:00  INFO 95769 --- [    Test worker] c.f.e.dynamodb.DynamoDBExampleFIT        : The following 1 profile is active: "test"
2025-10-23T18:54:37.401+03:00  INFO 95769 --- [    Test worker] .s.d.r.c.RepositoryConfigurationDelegate : Bootstrapping Spring Data JDBC repositories in DEFAULT mode.
2025-10-23T18:54:37.406+03:00  INFO 95769 --- [    Test worker] .s.d.r.c.RepositoryConfigurationDelegate : Finished Spring Data repository scanning in 3 ms. Found 0 JDBC repository interfaces.
2025-10-23T18:54:37.878+03:00  INFO 95769 --- [    Test worker] o.s.v.b.OptionalValidatorFactoryBean     : Failed to set up a Bean Validation provider: jakarta.validation.NoProviderFoundException: Unable to create a Configuration, because no Jakarta Bean Validation provider could be found. Add a provider like Hibernate Validator (RI) to your classpath.
2025-10-23T18:54:38.049+03:00  INFO 95769 --- [    Test worker] g.s.a.GrpcServerFactoryAutoConfiguration : 'grpc.server.in-process-name' is set: Creating InProcessGrpcServerFactory
2025-10-23T18:54:38.374+03:00  INFO 95769 --- [    Test worker] com.zaxxer.hikari.HikariDataSource       : HikariPool-1 - Starting...
2025-10-23T18:54:38.550+03:00  INFO 95769 --- [    Test worker] com.zaxxer.hikari.pool.HikariPool        : HikariPool-1 - Added connection conn0: url=jdbc:h2:mem:2d95e9da-13fc-49dd-9187-f47bf2b5ee52 user=SA
2025-10-23T18:54:38.552+03:00  INFO 95769 --- [    Test worker] com.zaxxer.hikari.HikariDataSource       : HikariPool-1 - Start completed.
2025-10-23T18:54:38.733+03:00  INFO 95769 --- [    Test worker] n.d.b.g.s.s.AbstractGrpcServerFactory    : Registered gRPC service: grpc.health.v1.Health, bean: grpcHealthService, class: io.grpc.protobuf.services.HealthServiceImpl
2025-10-23T18:54:38.733+03:00  INFO 95769 --- [    Test worker] n.d.b.g.s.s.AbstractGrpcServerFactory    : Registered gRPC service: grpc.reflection.v1alpha.ServerReflection, bean: protoReflectionService, class: io.grpc.protobuf.services.ProtoReflectionService
2025-10-23T18:54:38.733+03:00  INFO 95769 --- [    Test worker] n.d.b.g.s.s.AbstractGrpcServerFactory    : Registered gRPC service: com.example.FooService, bean: com.fit4j.grpc.SubFooServiceImplBase, class: com.fit4j.grpc.SubFooServiceImplBase
2025-10-23T18:54:38.737+03:00  INFO 95769 --- [    Test worker] n.d.b.g.s.s.GrpcServerLifecycle          : gRPC Server started, listening on address: in-process:28335822-4bce-462a-9c8f-4592ebed2a7a, port: -1
2025-10-23T18:54:38.743+03:00  INFO 95769 --- [    Test worker] c.f.e.dynamodb.DynamoDBExampleFIT        : Started DynamoDBExampleFIT in 3.616 seconds (process running for 4.648)
]]></system-out>
  <system-err><![CDATA[]]></system-err>
</testsuite>
