<?xml version="1.0" encoding="UTF-8"?>
<testsuite name="com.fit4j.examples.kafkatestcontainers.KafkaTestcontainersExampleFIT" tests="1" skipped="0" failures="0" errors="0" timestamp="2025-10-23T15:55:09" hostname="FWQXF07G9F" time="3.383">
  <properties/>
  <testcase name="it should work()" classname="com.fit4j.examples.kafkatestcontainers.KafkaTestcontainersExampleFIT" time="3.383"/>
  <system-out><![CDATA[18:54:49.940 [Test worker] WARN org.springframework.core.annotation.AnnotationTypeMapping -- Support for convention-based annotation attribute overrides is deprecated and will be removed in Spring Framework 6.2. Please annotate the following attributes in @com.fit4j.annotation.FIT with appropriate @AliasFor declarations: [webEnvironment]
18:54:49.942 [Test worker] WARN org.springframework.core.annotation.AnnotationTypeMapping -- Support for convention-based annotation attribute overrides is deprecated and will be removed in Spring Framework 6.2. Please annotate the following attributes in @com.fit4j.annotation.FIT with appropriate @AliasFor declarations: [webEnvironment]
18:54:49.945 [Test worker] WARN org.springframework.core.annotation.AnnotationTypeMapping -- Support for convention-based annotation attribute overrides is deprecated and will be removed in Spring Framework 6.2. Please annotate the following attributes in @com.fit4j.annotation.IT with appropriate @AliasFor declarations: [webEnvironment]
18:54:49.954 [Test worker] INFO org.springframework.test.context.support.AnnotationConfigContextLoaderUtils -- Could not detect default configuration classes for test class [com.fit4j.examples.kafkatestcontainers.KafkaTestcontainersExampleFIT]: KafkaTestcontainersExampleFIT does not declare any static, non-private, non-final, nested classes annotated with @Configuration.
18:54:50.113 [Test worker] INFO org.springframework.boot.test.context.SpringBootTestContextBootstrapper -- Found @SpringBootConfiguration com.fit4j.examples.ExamplesParentApplication for test class com.fit4j.examples.kafkatestcontainers.KafkaTestcontainersExampleFIT

  .   ____          _            __ _ _
 /\\ / ___'_ __ _ _(_)_ __  __ _ \ \ \ \
( ( )\___ | '_ | '_| | '_ \/ _` | \ \ \ \
 \\/  ___)| |_)| | | | | || (_| |  ) ) ) )
  '  |____| .__|_| |_|_| |_\__, | / / / /
 =========|_|==============|___/=/_/_/_/

 :: Spring Boot ::                (v3.3.7)

2025-10-23T18:54:50.335+03:00  INFO 95851 --- [    Test worker] org.testcontainers.images.PullPolicy     : Image pull policy will be performed by: DefaultPullPolicy()
2025-10-23T18:54:50.336+03:00  INFO 95851 --- [    Test worker] o.t.utility.ImageNameSubstitutor         : Image name substitution will be performed by: DefaultImageNameSubstitutor (composite of 'ConfigurationFileImageNameSubstitutor' and 'PrefixingImageNameSubstitutor')
2025-10-23T18:54:50.412+03:00  INFO 95851 --- [    Test worker] o.t.d.DockerClientProviderStrategy       : Loaded org.testcontainers.dockerclient.UnixSocketClientProviderStrategy from ~/.testcontainers.properties, will try it first
2025-10-23T18:54:50.575+03:00  INFO 95851 --- [    Test worker] o.t.d.DockerClientProviderStrategy       : Found Docker environment with local Unix socket (unix:///var/run/docker.sock)
2025-10-23T18:54:50.576+03:00  INFO 95851 --- [    Test worker] org.testcontainers.DockerClientFactory   : Docker host IP address is localhost
2025-10-23T18:54:50.612+03:00  INFO 95851 --- [    Test worker] org.testcontainers.DockerClientFactory   : Connected to docker: 
  Server Version: 5.6.0
  API Version: 1.41
  Operating System: fedora
  Total Memory: 3612 MB
2025-10-23T18:54:50.647+03:00  INFO 95851 --- [    Test worker] tc.testcontainers/ryuk:0.7.0             : Creating container for image: testcontainers/ryuk:0.7.0
2025-10-23T18:54:50.695+03:00  INFO 95851 --- [    Test worker] tc.testcontainers/ryuk:0.7.0             : Container testcontainers/ryuk:0.7.0 is starting: 101e3d749b696e53101fe0a156cbf8d59a7fc85b53b7789b0835810310c8adc2
2025-10-23T18:54:50.856+03:00  INFO 95851 --- [    Test worker] tc.testcontainers/ryuk:0.7.0             : Container testcontainers/ryuk:0.7.0 started in PT0.20907S
2025-10-23T18:54:50.859+03:00  INFO 95851 --- [    Test worker] o.t.utility.RyukResourceReaper           : Ryuk started - will monitor and terminate Testcontainers containers on JVM exit
2025-10-23T18:54:50.859+03:00  INFO 95851 --- [    Test worker] org.testcontainers.DockerClientFactory   : Checking the system...
2025-10-23T18:54:50.860+03:00  INFO 95851 --- [    Test worker] org.testcontainers.DockerClientFactory   : ✔︎ Docker server version should be at least 1.6.0
2025-10-23T18:54:50.864+03:00  INFO 95851 --- [    Test worker] tc.confluentinc/cp-kafka:5.4.3           : Creating container for image: confluentinc/cp-kafka:5.4.3
2025-10-23T18:54:50.936+03:00  INFO 95851 --- [    Test worker] tc.confluentinc/cp-kafka:5.4.3           : Container confluentinc/cp-kafka:5.4.3 is starting: fd1f4242ea10c25e507b92c14c00ca5375d94013713d8b77e0b1f2e6bcbdebea
2025-10-23T18:54:51.089+03:00  WARN 95851 --- [    Test worker] tc.confluentinc/cp-kafka:5.4.3           : The architecture 'amd64' for image 'confluentinc/cp-kafka:5.4.3' (ID sha256:89534fffaf403a25cf8dc8791490e5c52c1a809c158b12ffa0c272f131a492eb) does not match the Docker server architecture 'arm64'. This will cause the container to execute much more slowly due to emulation and may lead to timeout failures.
2025-10-23T18:55:08.192+03:00  INFO 95851 --- [    Test worker] tc.confluentinc/cp-kafka:5.4.3           : Container confluentinc/cp-kafka:5.4.3 started in PT17.32749S
2025-10-23T18:55:08.221+03:00  WARN 95851 --- [    Test worker] ory$DuplicateJsonObjectContextCustomizer : 

Found multiple occurrences of org.json.JSONObject on the class path:

	jar:file:/Users/kenan.sevindik/.gradle/caches/modules-2/files-2.1/org.json/json/20231013/e22e0c040fe16f04ffdb85d851d77b07fc05ea52/json-20231013.jar!/org/json/JSONObject.class
	jar:file:/Users/kenan.sevindik/.gradle/caches/modules-2/files-2.1/com.vaadin.external.google/android-json/0.0.20131108.vaadin1/fa26d351fe62a6a17f5cda1287c1c6110dec413f/android-json-0.0.20131108.vaadin1.jar!/org/json/JSONObject.class

You may wish to exclude one of them to ensure predictable runtime behavior

2025-10-23T18:55:08.227+03:00  INFO 95851 --- [    Test worker] c.f.e.k.KafkaTestcontainersExampleFIT    : The following 1 profile is active: "test"
2025-10-23T18:55:08.576+03:00  INFO 95851 --- [    Test worker] .s.d.r.c.RepositoryConfigurationDelegate : Bootstrapping Spring Data JDBC repositories in DEFAULT mode.
2025-10-23T18:55:08.582+03:00  INFO 95851 --- [    Test worker] .s.d.r.c.RepositoryConfigurationDelegate : Finished Spring Data repository scanning in 3 ms. Found 0 JDBC repository interfaces.
2025-10-23T18:55:08.904+03:00  INFO 95851 --- [    Test worker] o.s.v.b.OptionalValidatorFactoryBean     : Failed to set up a Bean Validation provider: jakarta.validation.NoProviderFoundException: Unable to create a Configuration, because no Jakarta Bean Validation provider could be found. Add a provider like Hibernate Validator (RI) to your classpath.
2025-10-23T18:55:09.044+03:00  INFO 95851 --- [    Test worker] g.s.a.GrpcServerFactoryAutoConfiguration : 'grpc.server.in-process-name' is set: Creating InProcessGrpcServerFactory
2025-10-23T18:55:09.312+03:00  INFO 95851 --- [    Test worker] o.a.k.clients.consumer.ConsumerConfig    : ConsumerConfig values: 
	allow.auto.create.topics = true
	auto.commit.interval.ms = 5000
	auto.include.jmx.reporter = true
	auto.offset.reset = earliest
	bootstrap.servers = [PLAINTEXT://localhost:38755]
	check.crcs = true
	client.dns.lookup = use_all_dns_ips
	client.id = consumer-sample-consumer-group_3f3dec6b-76d5-423a-b874-b33b1bad0746-1
	client.rack = 
	connections.max.idle.ms = 540000
	default.api.timeout.ms = 60000
	enable.auto.commit = false
	enable.metrics.push = true
	exclude.internal.topics = true
	fetch.max.bytes = 52428800
	fetch.max.wait.ms = 500
	fetch.min.bytes = 1
	group.id = sample-consumer-group_3f3dec6b-76d5-423a-b874-b33b1bad0746
	group.instance.id = null
	group.protocol = classic
	group.remote.assignor = null
	heartbeat.interval.ms = 3000
	interceptor.classes = []
	internal.leave.group.on.close = true
	internal.throw.on.fetch.stable.offset.unsupported = false
	isolation.level = read_uncommitted
	key.deserializer = class org.apache.kafka.common.serialization.StringDeserializer
	max.partition.fetch.bytes = 1048576
	max.poll.interval.ms = 300000
	max.poll.records = 500
	metadata.max.age.ms = 300000
	metric.reporters = []
	metrics.num.samples = 2
	metrics.recording.level = INFO
	metrics.sample.window.ms = 30000
	partition.assignment.strategy = [class org.apache.kafka.clients.consumer.RangeAssignor, class org.apache.kafka.clients.consumer.CooperativeStickyAssignor]
	receive.buffer.bytes = 65536
	reconnect.backoff.max.ms = 1000
	reconnect.backoff.ms = 50
	request.timeout.ms = 30000
	retry.backoff.max.ms = 1000
	retry.backoff.ms = 100
	sasl.client.callback.handler.class = null
	sasl.jaas.config = null
	sasl.kerberos.kinit.cmd = /usr/bin/kinit
	sasl.kerberos.min.time.before.relogin = 60000
	sasl.kerberos.service.name = null
	sasl.kerberos.ticket.renew.jitter = 0.05
	sasl.kerberos.ticket.renew.window.factor = 0.8
	sasl.login.callback.handler.class = null
	sasl.login.class = null
	sasl.login.connect.timeout.ms = null
	sasl.login.read.timeout.ms = null
	sasl.login.refresh.buffer.seconds = 300
	sasl.login.refresh.min.period.seconds = 60
	sasl.login.refresh.window.factor = 0.8
	sasl.login.refresh.window.jitter = 0.05
	sasl.login.retry.backoff.max.ms = 10000
	sasl.login.retry.backoff.ms = 100
	sasl.mechanism = GSSAPI
	sasl.oauthbearer.clock.skew.seconds = 30
	sasl.oauthbearer.expected.audience = null
	sasl.oauthbearer.expected.issuer = null
	sasl.oauthbearer.jwks.endpoint.refresh.ms = 3600000
	sasl.oauthbearer.jwks.endpoint.retry.backoff.max.ms = 10000
	sasl.oauthbearer.jwks.endpoint.retry.backoff.ms = 100
	sasl.oauthbearer.jwks.endpoint.url = null
	sasl.oauthbearer.scope.claim.name = scope
	sasl.oauthbearer.sub.claim.name = sub
	sasl.oauthbearer.token.endpoint.url = null
	security.protocol = PLAINTEXT
	security.providers = null
	send.buffer.bytes = 131072
	session.timeout.ms = 45000
	socket.connection.setup.timeout.max.ms = 30000
	socket.connection.setup.timeout.ms = 10000
	ssl.cipher.suites = null
	ssl.enabled.protocols = [TLSv1.2, TLSv1.3]
	ssl.endpoint.identification.algorithm = https
	ssl.engine.factory.class = null
	ssl.key.password = null
	ssl.keymanager.algorithm = SunX509
	ssl.keystore.certificate.chain = null
	ssl.keystore.key = null
	ssl.keystore.location = null
	ssl.keystore.password = null
	ssl.keystore.type = JKS
	ssl.protocol = TLSv1.3
	ssl.provider = null
	ssl.secure.random.implementation = null
	ssl.trustmanager.algorithm = PKIX
	ssl.truststore.certificates = null
	ssl.truststore.location = null
	ssl.truststore.password = null
	ssl.truststore.type = JKS
	value.deserializer = class com.fit4j.examples.kafkatestcontainers.MessageDeserializer

2025-10-23T18:55:09.335+03:00  INFO 95851 --- [    Test worker] o.a.k.c.t.i.KafkaMetricsCollector        : initializing Kafka metrics collector
2025-10-23T18:55:09.393+03:00  INFO 95851 --- [    Test worker] o.a.kafka.common.utils.AppInfoParser     : Kafka version: 3.7.2
2025-10-23T18:55:09.393+03:00  INFO 95851 --- [    Test worker] o.a.kafka.common.utils.AppInfoParser     : Kafka commitId: 79a8f2b5f44f9d5a
2025-10-23T18:55:09.393+03:00  INFO 95851 --- [    Test worker] o.a.kafka.common.utils.AppInfoParser     : Kafka startTimeMs: 1761234909392
2025-10-23T18:55:09.395+03:00  INFO 95851 --- [    Test worker] o.a.k.c.c.internals.LegacyKafkaConsumer  : [Consumer clientId=consumer-sample-consumer-group_3f3dec6b-76d5-423a-b874-b33b1bad0746-1, groupId=sample-consumer-group_3f3dec6b-76d5-423a-b874-b33b1bad0746] Subscribed to topic(s): sample-topic-1
2025-10-23T18:55:09.447+03:00  INFO 95851 --- [    Test worker] com.zaxxer.hikari.HikariDataSource       : HikariPool-1 - Starting...
2025-10-23T18:55:09.535+03:00  INFO 95851 --- [    Test worker] com.zaxxer.hikari.pool.HikariPool        : HikariPool-1 - Added connection conn0: url=jdbc:h2:mem:049eae6a-bc7c-4e7e-b36e-cbf134f5fb4d user=SA
2025-10-23T18:55:09.536+03:00  INFO 95851 --- [    Test worker] com.zaxxer.hikari.HikariDataSource       : HikariPool-1 - Start completed.
2025-10-23T18:55:09.807+03:00  INFO 95851 --- [    Test worker] n.d.b.g.s.s.AbstractGrpcServerFactory    : Registered gRPC service: grpc.health.v1.Health, bean: grpcHealthService, class: io.grpc.protobuf.services.HealthServiceImpl
2025-10-23T18:55:09.807+03:00  INFO 95851 --- [    Test worker] n.d.b.g.s.s.AbstractGrpcServerFactory    : Registered gRPC service: grpc.reflection.v1alpha.ServerReflection, bean: protoReflectionService, class: io.grpc.protobuf.services.ProtoReflectionService
2025-10-23T18:55:09.807+03:00  INFO 95851 --- [    Test worker] n.d.b.g.s.s.AbstractGrpcServerFactory    : Registered gRPC service: com.example.FooService, bean: com.fit4j.grpc.SubFooServiceImplBase, class: com.fit4j.grpc.SubFooServiceImplBase
2025-10-23T18:55:09.811+03:00  INFO 95851 --- [    Test worker] n.d.b.g.s.s.GrpcServerLifecycle          : gRPC Server started, listening on address: in-process:6e578d4f-80ea-448c-b6b8-736a0a5a5067, port: -1
2025-10-23T18:55:09.818+03:00  INFO 95851 --- [    Test worker] c.f.e.k.KafkaTestcontainersExampleFIT    : Started KafkaTestcontainersExampleFIT in 19.653 seconds (process running for 20.256)
2025-10-23T18:55:09.988+03:00  WARN 95851 --- [e-topic-1-0-C-1] org.apache.kafka.clients.NetworkClient   : [Consumer clientId=consumer-sample-consumer-group_3f3dec6b-76d5-423a-b874-b33b1bad0746-1, groupId=sample-consumer-group_3f3dec6b-76d5-423a-b874-b33b1bad0746] Error while fetching metadata with correlation id 2 : {sample-topic-1=LEADER_NOT_AVAILABLE}
2025-10-23T18:55:09.989+03:00  INFO 95851 --- [e-topic-1-0-C-1] org.apache.kafka.clients.Metadata        : [Consumer clientId=consumer-sample-consumer-group_3f3dec6b-76d5-423a-b874-b33b1bad0746-1, groupId=sample-consumer-group_3f3dec6b-76d5-423a-b874-b33b1bad0746] Cluster ID: _cy8TN80TpGTa80cMm5jYw
2025-10-23T18:55:10.172+03:00  INFO 95851 --- [    Test worker] o.a.k.clients.producer.ProducerConfig    : ProducerConfig values: 
	acks = -1
	auto.include.jmx.reporter = true
	batch.size = 16384
	bootstrap.servers = [PLAINTEXT://localhost:38755]
	buffer.memory = 33554432
	client.dns.lookup = use_all_dns_ips
	client.id = producer-1
	compression.type = none
	connections.max.idle.ms = 540000
	delivery.timeout.ms = 120000
	enable.idempotence = true
	enable.metrics.push = true
	interceptor.classes = []
	key.serializer = class org.apache.kafka.common.serialization.StringSerializer
	linger.ms = 0
	max.block.ms = 60000
	max.in.flight.requests.per.connection = 5
	max.request.size = 1048576
	metadata.max.age.ms = 300000
	metadata.max.idle.ms = 300000
	metric.reporters = []
	metrics.num.samples = 2
	metrics.recording.level = INFO
	metrics.sample.window.ms = 30000
	partitioner.adaptive.partitioning.enable = true
	partitioner.availability.timeout.ms = 0
	partitioner.class = null
	partitioner.ignore.keys = false
	receive.buffer.bytes = 32768
	reconnect.backoff.max.ms = 1000
	reconnect.backoff.ms = 50
	request.timeout.ms = 30000
	retries = 2147483647
	retry.backoff.max.ms = 1000
	retry.backoff.ms = 100
	sasl.client.callback.handler.class = null
	sasl.jaas.config = null
	sasl.kerberos.kinit.cmd = /usr/bin/kinit
	sasl.kerberos.min.time.before.relogin = 60000
	sasl.kerberos.service.name = null
	sasl.kerberos.ticket.renew.jitter = 0.05
	sasl.kerberos.ticket.renew.window.factor = 0.8
	sasl.login.callback.handler.class = null
	sasl.login.class = null
	sasl.login.connect.timeout.ms = null
	sasl.login.read.timeout.ms = null
	sasl.login.refresh.buffer.seconds = 300
	sasl.login.refresh.min.period.seconds = 60
	sasl.login.refresh.window.factor = 0.8
	sasl.login.refresh.window.jitter = 0.05
	sasl.login.retry.backoff.max.ms = 10000
	sasl.login.retry.backoff.ms = 100
	sasl.mechanism = GSSAPI
	sasl.oauthbearer.clock.skew.seconds = 30
	sasl.oauthbearer.expected.audience = null
	sasl.oauthbearer.expected.issuer = null
	sasl.oauthbearer.jwks.endpoint.refresh.ms = 3600000
	sasl.oauthbearer.jwks.endpoint.retry.backoff.max.ms = 10000
	sasl.oauthbearer.jwks.endpoint.retry.backoff.ms = 100
	sasl.oauthbearer.jwks.endpoint.url = null
	sasl.oauthbearer.scope.claim.name = scope
	sasl.oauthbearer.sub.claim.name = sub
	sasl.oauthbearer.token.endpoint.url = null
	security.protocol = PLAINTEXT
	security.providers = null
	send.buffer.bytes = 131072
	socket.connection.setup.timeout.max.ms = 30000
	socket.connection.setup.timeout.ms = 10000
	ssl.cipher.suites = null
	ssl.enabled.protocols = [TLSv1.2, TLSv1.3]
	ssl.endpoint.identification.algorithm = https
	ssl.engine.factory.class = null
	ssl.key.password = null
	ssl.keymanager.algorithm = SunX509
	ssl.keystore.certificate.chain = null
	ssl.keystore.key = null
	ssl.keystore.location = null
	ssl.keystore.password = null
	ssl.keystore.type = JKS
	ssl.protocol = TLSv1.3
	ssl.provider = null
	ssl.secure.random.implementation = null
	ssl.trustmanager.algorithm = PKIX
	ssl.truststore.certificates = null
	ssl.truststore.location = null
	ssl.truststore.password = null
	ssl.truststore.type = JKS
	transaction.timeout.ms = 60000
	transactional.id = null
	value.serializer = class com.fit4j.examples.kafkatestcontainers.MessageSerializer

2025-10-23T18:55:10.173+03:00  INFO 95851 --- [    Test worker] o.a.k.c.t.i.KafkaMetricsCollector        : initializing Kafka metrics collector
2025-10-23T18:55:10.177+03:00  INFO 95851 --- [    Test worker] o.a.k.clients.producer.KafkaProducer     : [Producer clientId=producer-1] Instantiated an idempotent producer.
2025-10-23T18:55:10.186+03:00  INFO 95851 --- [    Test worker] o.a.kafka.common.utils.AppInfoParser     : Kafka version: 3.7.2
2025-10-23T18:55:10.186+03:00  INFO 95851 --- [    Test worker] o.a.kafka.common.utils.AppInfoParser     : Kafka commitId: 79a8f2b5f44f9d5a
2025-10-23T18:55:10.186+03:00  INFO 95851 --- [    Test worker] o.a.kafka.common.utils.AppInfoParser     : Kafka startTimeMs: 1761234910186
2025-10-23T18:55:10.230+03:00  WARN 95851 --- [e-topic-1-0-C-1] org.apache.kafka.clients.NetworkClient   : [Consumer clientId=consumer-sample-consumer-group_3f3dec6b-76d5-423a-b874-b33b1bad0746-1, groupId=sample-consumer-group_3f3dec6b-76d5-423a-b874-b33b1bad0746] Error while fetching metadata with correlation id 5 : {sample-topic-1=LEADER_NOT_AVAILABLE}
2025-10-23T18:55:10.250+03:00  WARN 95851 --- [ad | producer-1] org.apache.kafka.clients.NetworkClient   : [Producer clientId=producer-1] Error while fetching metadata with correlation id 1 : {sample-topic-1=LEADER_NOT_AVAILABLE}
2025-10-23T18:55:10.250+03:00  INFO 95851 --- [ad | producer-1] org.apache.kafka.clients.Metadata        : [Producer clientId=producer-1] Cluster ID: _cy8TN80TpGTa80cMm5jYw
2025-10-23T18:55:10.272+03:00  INFO 95851 --- [ad | producer-1] o.a.k.c.p.internals.TransactionManager   : [Producer clientId=producer-1] ProducerId set to 0 with epoch 0
2025-10-23T18:55:10.386+03:00  WARN 95851 --- [ad | producer-1] org.apache.kafka.clients.NetworkClient   : [Producer clientId=producer-1] Error while fetching metadata with correlation id 5 : {sample-topic-1=LEADER_NOT_AVAILABLE}
2025-10-23T18:55:10.450+03:00  WARN 95851 --- [e-topic-1-0-C-1] org.apache.kafka.clients.NetworkClient   : [Consumer clientId=consumer-sample-consumer-group_3f3dec6b-76d5-423a-b874-b33b1bad0746-1, groupId=sample-consumer-group_3f3dec6b-76d5-423a-b874-b33b1bad0746] Error while fetching metadata with correlation id 7 : {sample-topic-1=LEADER_NOT_AVAILABLE}
2025-10-23T18:55:10.654+03:00  WARN 95851 --- [ad | producer-1] org.apache.kafka.clients.NetworkClient   : [Producer clientId=producer-1] Error while fetching metadata with correlation id 6 : {sample-topic-1=LEADER_NOT_AVAILABLE}
2025-10-23T18:55:11.563+03:00  INFO 95851 --- [e-topic-1-0-C-1] o.a.k.c.c.internals.ConsumerCoordinator  : [Consumer clientId=consumer-sample-consumer-group_3f3dec6b-76d5-423a-b874-b33b1bad0746-1, groupId=sample-consumer-group_3f3dec6b-76d5-423a-b874-b33b1bad0746] Discovered group coordinator localhost:38755 (id: 2147483646 rack: null)
2025-10-23T18:55:11.564+03:00  INFO 95851 --- [e-topic-1-0-C-1] o.a.k.c.c.internals.ConsumerCoordinator  : [Consumer clientId=consumer-sample-consumer-group_3f3dec6b-76d5-423a-b874-b33b1bad0746-1, groupId=sample-consumer-group_3f3dec6b-76d5-423a-b874-b33b1bad0746] (Re-)joining group
2025-10-23T18:55:11.711+03:00  INFO 95851 --- [e-topic-1-0-C-1] o.a.k.c.c.internals.ConsumerCoordinator  : [Consumer clientId=consumer-sample-consumer-group_3f3dec6b-76d5-423a-b874-b33b1bad0746-1, groupId=sample-consumer-group_3f3dec6b-76d5-423a-b874-b33b1bad0746] Request joining group due to: need to re-join with the given member-id: consumer-sample-consumer-group_3f3dec6b-76d5-423a-b874-b33b1bad0746-1-eee56a5e-6baf-4165-8349-3ddc9872b33b
2025-10-23T18:55:11.711+03:00  INFO 95851 --- [e-topic-1-0-C-1] o.a.k.c.c.internals.ConsumerCoordinator  : [Consumer clientId=consumer-sample-consumer-group_3f3dec6b-76d5-423a-b874-b33b1bad0746-1, groupId=sample-consumer-group_3f3dec6b-76d5-423a-b874-b33b1bad0746] (Re-)joining group
2025-10-23T18:55:11.886+03:00  INFO 95851 --- [e-topic-1-0-C-1] o.a.k.c.c.internals.ConsumerCoordinator  : [Consumer clientId=consumer-sample-consumer-group_3f3dec6b-76d5-423a-b874-b33b1bad0746-1, groupId=sample-consumer-group_3f3dec6b-76d5-423a-b874-b33b1bad0746] Successfully joined group with generation Generation{generationId=1, memberId='consumer-sample-consumer-group_3f3dec6b-76d5-423a-b874-b33b1bad0746-1-eee56a5e-6baf-4165-8349-3ddc9872b33b', protocol='range'}
2025-10-23T18:55:11.893+03:00  INFO 95851 --- [e-topic-1-0-C-1] o.a.k.c.c.internals.ConsumerCoordinator  : [Consumer clientId=consumer-sample-consumer-group_3f3dec6b-76d5-423a-b874-b33b1bad0746-1, groupId=sample-consumer-group_3f3dec6b-76d5-423a-b874-b33b1bad0746] Finished assignment for group at generation 1: {consumer-sample-consumer-group_3f3dec6b-76d5-423a-b874-b33b1bad0746-1-eee56a5e-6baf-4165-8349-3ddc9872b33b=Assignment(partitions=[sample-topic-1-0])}
2025-10-23T18:55:12.138+03:00  INFO 95851 --- [e-topic-1-0-C-1] o.a.k.c.c.internals.ConsumerCoordinator  : [Consumer clientId=consumer-sample-consumer-group_3f3dec6b-76d5-423a-b874-b33b1bad0746-1, groupId=sample-consumer-group_3f3dec6b-76d5-423a-b874-b33b1bad0746] Successfully synced group in generation Generation{generationId=1, memberId='consumer-sample-consumer-group_3f3dec6b-76d5-423a-b874-b33b1bad0746-1-eee56a5e-6baf-4165-8349-3ddc9872b33b', protocol='range'}
2025-10-23T18:55:12.139+03:00  INFO 95851 --- [e-topic-1-0-C-1] o.a.k.c.c.internals.ConsumerCoordinator  : [Consumer clientId=consumer-sample-consumer-group_3f3dec6b-76d5-423a-b874-b33b1bad0746-1, groupId=sample-consumer-group_3f3dec6b-76d5-423a-b874-b33b1bad0746] Notifying assignor about the new Assignment(partitions=[sample-topic-1-0])
2025-10-23T18:55:12.142+03:00  INFO 95851 --- [e-topic-1-0-C-1] k.c.c.i.ConsumerRebalanceListenerInvoker : [Consumer clientId=consumer-sample-consumer-group_3f3dec6b-76d5-423a-b874-b33b1bad0746-1, groupId=sample-consumer-group_3f3dec6b-76d5-423a-b874-b33b1bad0746] Adding newly assigned partitions: sample-topic-1-0
2025-10-23T18:55:12.143+03:00  INFO 95851 --- [e-topic-1-0-C-1] o.s.k.l.KafkaMessageListenerContainer    : sample-consumer-group_3f3dec6b-76d5-423a-b874-b33b1bad0746: partitions assigned: [sample-topic-1-0]
2025-10-23T18:55:12.185+03:00  INFO 95851 --- [e-topic-1-0-C-1] o.a.k.c.c.internals.ConsumerCoordinator  : [Consumer clientId=consumer-sample-consumer-group_3f3dec6b-76d5-423a-b874-b33b1bad0746-1, groupId=sample-consumer-group_3f3dec6b-76d5-423a-b874-b33b1bad0746] Found no committed offset for partition sample-topic-1-0
2025-10-23T18:55:12.220+03:00  INFO 95851 --- [e-topic-1-0-C-1] o.a.k.c.c.internals.SubscriptionState    : [Consumer clientId=consumer-sample-consumer-group_3f3dec6b-76d5-423a-b874-b33b1bad0746-1, groupId=sample-consumer-group_3f3dec6b-76d5-423a-b874-b33b1bad0746] Resetting offset for partition sample-topic-1-0 to position FetchPosition{offset=0, offsetEpoch=Optional.empty, currentLeader=LeaderAndEpoch{leader=Optional[localhost:38755 (id: 1 rack: null)], epoch=0}}.
]]></system-out>
  <system-err><![CDATA[]]></system-err>
</testsuite>
